{
  "RSpec": {
    "coverage": {
      "/Users/xiranou/Desktop/PackSnap/app/helpers/application_helper.rb": [
        1,
        null
      ],
      "/Users/xiranou/Desktop/PackSnap/app/controllers/itineraries_controller.rb": [
        1,
        1,
        2,
        2,
        null,
        null,
        1,
        2,
        2,
        null,
        null,
        1,
        2,
        2,
        null,
        null,
        1,
        5,
        5,
        5,
        2,
        null,
        3,
        3,
        null,
        null,
        null,
        1,
        2,
        2,
        null,
        null,
        1,
        6,
        6,
        6,
        3,
        null,
        3,
        3,
        null,
        null,
        null,
        1,
        3,
        3,
        3,
        null,
        null,
        1,
        null,
        1,
        11,
        null,
        null,
        1,
        13,
        null,
        null,
        null
      ],
      "/Users/xiranou/Desktop/PackSnap/app/controllers/application_controller.rb": [
        1,
        null,
        null,
        1,
        null,
        1,
        null,
        1,
        12,
        null,
        null
      ],
      "/Users/xiranou/Desktop/PackSnap/app/controllers/session_controller.rb": [
        1,
        1,
        1,
        null,
        null,
        1,
        2,
        2,
        2,
        null,
        null,
        1,
        1,
        1,
        null,
        null
      ],
      "/Users/xiranou/Desktop/PackSnap/app/controllers/trips_controller.rb": [
        1,
        null,
        1,
        2,
        2,
        null,
        null,
        1,
        2,
        2,
        null,
        null,
        1,
        2,
        2,
        null,
        null,
        1,
        5,
        5,
        5,
        2,
        null,
        3,
        3,
        null,
        null,
        null,
        null,
        1,
        2,
        2,
        null,
        null,
        null,
        1,
        6,
        6,
        6,
        3,
        null,
        3,
        3,
        null,
        null,
        null,
        1,
        3,
        3,
        3,
        null,
        null,
        1,
        null,
        1,
        11,
        null,
        null
      ],
      "/Users/xiranou/Desktop/PackSnap/app/models/itinerary.rb": [
        1,
        1,
        null,
        1,
        1,
        1,
        1,
        null
      ],
      "/Users/xiranou/Desktop/PackSnap/app/models/location.rb": [
        1,
        1,
        1,
        null
      ],
      "/Users/xiranou/Desktop/PackSnap/app/models/travel_date.rb": [
        1,
        1,
        null,
        1,
        1,
        null
      ],
      "/Users/xiranou/Desktop/PackSnap/app/models/trip.rb": [
        1,
        1,
        null,
        1,
        1,
        null
      ],
      "/Users/xiranou/Desktop/PackSnap/app/models/user.rb": [
        1,
        1,
        1,
        1,
        null,
        1,
        1,
        1,
        null
      ],
      "/Users/xiranou/Desktop/PackSnap/app/models/weather.rb": [
        1,
        null,
        1,
        1,
        1,
        null,
        1,
        null,
        1,
        2,
        null,
        null,
        1,
        2,
        null,
        null,
        1,
        1,
        null,
        null,
        null,
        1,
        2,
        null,
        null,
        null,
        null
      ]
    },
    "timestamp": 1417212247
  }
}
